Arguments: 
  C:\Program Files\nodejs\node.exe C:\Program Files (x86)\Yarn\bin\yarn.js add bobwai--notification-message

PATH: 
  C:\Program Files (x86)\Common Files\Oracle\Java\javapath;C:\Program Files (x86)\Intel\Intel(R) Management Engine Components\iCLS\;C:\Program Files\Intel\Intel(R) Management Engine Components\iCLS\;C:\Windows\system32;C:\Windows;C:\Windows\System32\Wbem;C:\Windows\System32\WindowsPowerShell\v1.0\;C:\Windows\System32\OpenSSH\;C:\Program Files (x86)\Intel\Intel(R) Management Engine Components\DAL;C:\Program Files\Intel\Intel(R) Management Engine Components\DAL;C:\Program Files (x86)\Intel\Intel(R) Management Engine Components\IPT;C:\Program Files\Intel\Intel(R) Management Engine Components\IPT;C:\Program Files\Git\cmd;C:\Program Files (x86)\GitExtensions\;C:\Program Files\dotnet\;C:\Program Files\Microsoft SQL Server\130\Tools\Binn\;C:\Program Files\nodejs\;C:\Program Files (x86)\Yarn\bin\;C:\Users\m.rychvalsky\AppData\Local\Microsoft\WindowsApps;;C:\Users\m.rychvalsky\AppData\Local\Programs\Microsoft VS Code\bin;C:\Users\m.rychvalsky\AppData\Roaming\npm;C:\Users\m.rychvalsky\AppData\Local\Yarn\bin

Yarn version: 
  1.10.1

Node version: 
  10.11.0

Platform: 
  win32 x64

Trace: 
  Error: https://registry.yarnpkg.com/bobwai--notification-message: Not found
      at Request.params.callback [as _callback] (C:\Program Files (x86)\Yarn\lib\cli.js:60182:18)
      at Request.self.callback (C:\Program Files (x86)\Yarn\lib\cli.js:120166:22)
      at Request.emit (events.js:182:13)
      at Request.<anonymous> (C:\Program Files (x86)\Yarn\lib\cli.js:121138:10)
      at Request.emit (events.js:182:13)
      at IncomingMessage.<anonymous> (C:\Program Files (x86)\Yarn\lib\cli.js:121060:12)
      at Object.onceWrapper (events.js:273:13)
      at IncomingMessage.emit (events.js:187:15)
      at endReadableNT (_stream_readable.js:1092:12)
      at process._tickCallback (internal/process/next_tick.js:63:19)

npm manifest: 
  {
    "name": "sample",
    "version": "1.0.0",
    "description": "first table",
    "main": "index.js",
    "scripts": {
      "test": "echo \"Error: no test specified\" && exit 1"
    },
    "author": "",
    "license": "ISC",
    "bobril": {
      "compilerOptions": {
        "declaration": true,
        "strict": true,
        "noUnusedLocals": true,
        "noUnusedParameters": true,
        "noImplicitReturns": true,
        "noFallthroughCasesInSwitch": true
      }
    },
    "dependencies": {
      "bobril": "^8.15.2",
      "bobrilstrap": "^3.0.2",
      "bobx": "^0.19.0"
    },
    "devDependencies": {
      "bb-tslint-plugin": "^1.1.1"
    }
  }

yarn manifest: 
  No manifest

Lockfile: 
  No lockfile
